# Build systems
build-essential cmake ninja-build

# Build tools
ccache

# Debugging / profiling / tracing
valgrind perf-tools-unstable systemd-coredump

# Documentation
asciidoc doxygen doxygen-latex doxygen-doxyparse graphviz python3-sphinx devhelp libglib2.0-doc libgtk-4-doc libsoup-3.0-doc

# Needed for jhbuild / gstreamer
python-gi-dev python3-gi

# For WebKit scripts such as git-webkit
python3-pip python3-cffi

# For WebKit scripts such as cross-toolchain-helper
chrpath cpio diffstat lz4 zstd

# For podman-host
podman

# For libadwaita
libyaml-dev
libappstream-dev

# post-install for Epiphany
desktop-file-utils

# For OpenXR tests
libopenxr1-monado
monado-service
